Arguments: 
  /usr/local/bin/node /usr/local/bin/yarn add react-native-snap-carousel

PATH: 
  /usr/local/bin:/usr/bin:/bin:/usr/sbin:/sbin

Yarn version: 
  0.21.3

Node version: 
  6.10.0

Platform: 
  darwin x64

npm manifest: 
  {
    "name": "cool-book-platform",
    "version": "0.1.0",
    "private": true,
    "devDependencies": {
      "jest-expo": "~1.0.1",
      "react-native-scripts": "0.0.31",
      "react-test-renderer": "16.0.0-alpha.6"
    },
    "rnpm": {
      "assets": [
        "./assets/fonts"
      ]
    },
    "main": "./node_modules/react-native-scripts/build/bin/crna-entry.js",
    "scripts": {
      "start": "react-native-scripts start",
      "eject": "react-native-scripts eject",
      "android": "react-native-scripts android",
      "ios": "react-native-scripts ios",
      "test": "node node_modules/jest/bin/jest.js --watch"
    },
    "jest": {
      "preset": "jest-expo"
    },
    "dependencies": {
      "expo": "^17.0.0",
      "exponent": "^14.0.0",
      "prop-types": "^15.5.10",
      "react": "16.0.0-alpha.6",
      "react-native": "^0.44.0",
      "react-native-router-flux": "^3.39.2",
      "react-native-swiper": "^1.5.4",
      "react-redux": "^5.0.5",
      "redux": "^3.6.0",
      "redux-observable": "^0.14.1",
      "rxjs": "^5.4.0"
    }
  }

yarn manifest: 
  No manifest

Lockfile: 
  No lockfile

Trace: 
  Error: connect ETIMEDOUT 104.16.60.173:443
      at Object.exports._errnoException (util.js:1022:11)
      at exports._exceptionWithHostPort (util.js:1045:20)
      at TCPConnectWrap.afterConnect [as oncomplete] (net.js:1087:14)
